{
  "RSpec": {
    "coverage": {
      "/Users/mikefoy/turing/2module/turing_tests/b2-final/app/models/surgery.rb": {
        "lines": [
          1,
          1,
          1,
          null,
          1,
          4,
          null,
          null,
          null
        ]
      },
      "/Users/mikefoy/turing/2module/turing_tests/b2-final/app/models/application_record.rb": {
        "lines": [
          1,
          1,
          null
        ]
      },
      "/Users/mikefoy/turing/2module/turing_tests/b2-final/spec/features/surgeries/show_spec.rb": {
        "lines": [
          1,
          null,
          1,
          1,
          1,
          1,
          1,
          1,
          null,
          1,
          null,
          1,
          1,
          null,
          1,
          null,
          1,
          1,
          1,
          null,
          1,
          null,
          null,
          null
        ]
      },
      "/Users/mikefoy/turing/2module/turing_tests/b2-final/spec/models/doctor_spec.rb": {
        "lines": [
          1,
          null,
          1,
          1,
          2,
          2,
          2,
          null,
          null,
          1,
          1,
          1,
          1,
          1,
          null,
          1,
          null,
          null,
          null
        ]
      },
      "/Users/mikefoy/turing/2module/turing_tests/b2-final/app/models/doctor.rb": {
        "lines": [
          1,
          1,
          1,
          1,
          null,
          1,
          2,
          null,
          null
        ]
      },
      "/Users/mikefoy/turing/2module/turing_tests/b2-final/spec/models/doctor_surgery_spec.rb": {
        "lines": [
          1,
          null,
          1,
          1,
          2,
          2,
          null,
          null
        ]
      },
      "/Users/mikefoy/turing/2module/turing_tests/b2-final/app/models/doctor_surgery.rb": {
        "lines": [
          1,
          1,
          1,
          null
        ]
      },
      "/Users/mikefoy/turing/2module/turing_tests/b2-final/spec/models/hospital_spec.rb": {
        "lines": [
          1,
          null,
          1,
          1,
          2,
          null,
          null
        ]
      },
      "/Users/mikefoy/turing/2module/turing_tests/b2-final/app/models/hospital.rb": {
        "lines": [
          1,
          1,
          null
        ]
      },
      "/Users/mikefoy/turing/2module/turing_tests/b2-final/spec/models/surgery_spec.rb": {
        "lines": [
          1,
          null,
          1,
          1,
          2,
          2,
          null,
          1,
          1,
          1,
          1,
          1,
          1,
          1,
          null,
          1,
          null,
          null,
          null
        ]
      },
      "/Users/mikefoy/turing/2module/turing_tests/b2-final/app/controllers/surgeries_controller.rb": {
        "lines": [
          1,
          1,
          2,
          null,
          null,
          1,
          3,
          3,
          null,
          null
        ]
      },
      "/Users/mikefoy/turing/2module/turing_tests/b2-final/app/controllers/application_controller.rb": {
        "lines": [
          1,
          null
        ]
      },
      "/Users/mikefoy/turing/2module/turing_tests/b2-final/app/controllers/surgery_doctors_controller.rb": {
        "lines": [
          1,
          1,
          1,
          1,
          1,
          null,
          null,
          null,
          null,
          1,
          1,
          null,
          null
        ]
      }
    },
    "timestamp": 1610736168
  }
}
