{
  "RSpec": {
    "coverage": {
      "/Users/mikefoy/turing/2module/turing_tests/b2-final/app/models/surgery.rb": {
        "lines": [
          1,
          1,
          1,
          null,
          1,
          2,
          null,
          null,
          null
        ]
      },
      "/Users/mikefoy/turing/2module/turing_tests/b2-final/app/models/application_record.rb": {
        "lines": [
          1,
          1,
          null
        ]
      },
      "/Users/mikefoy/turing/2module/turing_tests/b2-final/app/models/hospital.rb": {
        "lines": [
          1,
          1,
          null
        ]
      },
      "/Users/mikefoy/turing/2module/turing_tests/b2-final/app/models/doctor.rb": {
        "lines": [
          1,
          1,
          1,
          1,
          null,
          1,
          1,
          null,
          null
        ]
      },
      "/Users/mikefoy/turing/2module/turing_tests/b2-final/app/controllers/surgeries_controller.rb": {
        "lines": [
          1,
          1,
          0,
          null,
          null,
          1,
          2,
          2,
          null,
          null
        ]
      },
      "/Users/mikefoy/turing/2module/turing_tests/b2-final/app/controllers/application_controller.rb": {
        "lines": [
          1,
          null
        ]
      },
      "/Users/mikefoy/turing/2module/turing_tests/b2-final/app/models/doctor_surgery.rb": {
        "lines": [
          1,
          1,
          1,
          null
        ]
      },
      "/Users/mikefoy/turing/2module/turing_tests/b2-final/app/controllers/surgery_doctors_controller.rb": {
        "lines": [
          1,
          1,
          null,
          1,
          1,
          1,
          null,
          null,
          null,
          null,
          1,
          1,
          null,
          null
        ]
      }
    },
    "timestamp": 1610734803
  }
}
